<?xml version="1.0" encoding="UTF-8"?>
<testsuites name="Mocha Tests" time="0.1340" tests="2" failures="0">
  <testsuite name="Root Suite" timestamp="2021-02-09T12:42:21" tests="0" file="cypress/integration/tests/hooks.spec.js" time="0.0000" failures="0">
  </testsuite>
  <testsuite name="different types of hooks" timestamp="2021-02-09T12:42:21" tests="2" time="0.1340" failures="0">
    <testcase name="different types of hooks open facebook.com" time="0.0960" classname="open facebook.com">
    </testcase>
    <testcase name="different types of hooks open google.com" time="0.0380" classname="open google.com">
    </testcase>
  </testsuite>
</testsuites>