<?xml version="1.0" encoding="UTF-8"?>
<testsuites name="Mocha Tests" time="0.0000" tests="1" failures="1">
  <testsuite name="Root Suite" timestamp="2021-02-09T12:42:08" tests="0" file="cypress/integration/tests/getfindwithin1.spec.js" time="0.0000" failures="0">
  </testsuite>
  <testsuite name="different commands of get and find" timestamp="2021-02-09T12:42:08" tests="1" time="0.0000" failures="1">
    <testcase name="different commands of get and find verify the tittle for google" time="0.0000" classname="verify the tittle for google">
      <failure message="Timed out retrying after 4000ms: Cannot read property &apos;split&apos; of undefined" type="TypeError"><![CDATA[TypeError: Timed out retrying after 4000ms: Cannot read property 'split' of undefined
    at Context.shouldFn (https://www.google.com/__cypress/runner/cypress_runner.js:155082:25)
    at Context.and (https://www.google.com/__cypress/runner/cypress_runner.js:155179:23)
    at https://www.google.com/__cypress/runner/cypress_runner.js:150879:39
    at assertions (https://www.google.com/__cypress/runner/cypress_runner.js:151131:14)
    at tryCatcher (https://www.google.com/__cypress/runner/cypress_runner.js:10609:23)
    at Object.gotValue (https://www.google.com/__cypress/runner/cypress_runner.js:9753:18)
    at Object.gotAccum (https://www.google.com/__cypress/runner/cypress_runner.js:9740:25)
    at Object.tryCatcher (https://www.google.com/__cypress/runner/cypress_runner.js:10609:23)
    at Promise._settlePromiseFromHandler (https://www.google.com/__cypress/runner/cypress_runner.js:8544:31)
    at Promise._settlePromise (https://www.google.com/__cypress/runner/cypress_runner.js:8601:18)
    at Promise._settlePromise0 (https://www.google.com/__cypress/runner/cypress_runner.js:8646:10)
    at Promise._settlePromises (https://www.google.com/__cypress/runner/cypress_runner.js:8726:18)
    at _drainQueueStep (https://www.google.com/__cypress/runner/cypress_runner.js:5316:12)
    at _drainQueue (https://www.google.com/__cypress/runner/cypress_runner.js:5309:9)
    at Async.../../node_modules/bluebird/js/release/async.js.Async._drainQueues (https://www.google.com/__cypress/runner/cypress_runner.js:5325:5)
    at Async.drainQueues (https://www.google.com/__cypress/runner/cypress_runner.js:5195:14)]]></failure>
    </testcase>
  </testsuite>
</testsuites>